============================= test session starts =============================
platform win32 -- Python 3.12.10, pytest-8.2.0, pluggy-1.6.0 -- C:\repo_as_service\repo_saas\.venv\Scripts\python.exe
cachedir: .pytest_cache
hypothesis profile 'default' -> database=DirectoryBasedExampleDatabase(WindowsPath('c:/repo_as_service/repo_saas/.hypothesis/examples'))
rootdir: c:\repo_as_service\repo_saas
configfile: pyproject.toml
plugins: anyio-4.3.0, hypothesis-6.100.2, asyncio-0.23.6, cov-5.0.0, mock-3.14.0
asyncio: mode=Mode.AUTO
collecting ... collected 0 items / 1 error

=================================== ERRORS ====================================
__________________ ERROR collecting tests/unit/test_main.py ___________________
.venv\Lib\site-packages\pytest_asyncio\plugin.py:640: in _patched_collect
    module = collector.obj
.venv\Lib\site-packages\_pytest\python.py:282: in obj
    self._obj = obj = self._getobj()
.venv\Lib\site-packages\_pytest\python.py:540: in _getobj
    return importtestmodule(self.path, self.config)
.venv\Lib\site-packages\_pytest\python.py:487: in importtestmodule
    mod = import_path(
.venv\Lib\site-packages\_pytest\pathlib.py:591: in import_path
    importlib.import_module(module_name)
C:\Program Files\Python312\Lib\importlib\__init__.py:90: in import_module
    return _bootstrap._gcd_import(name[level:], package, level)
<frozen importlib._bootstrap>:1387: in _gcd_import
    ???
<frozen importlib._bootstrap>:1360: in _find_and_load
    ???
<frozen importlib._bootstrap>:1331: in _find_and_load_unlocked
    ???
<frozen importlib._bootstrap>:935: in _load_unlocked
    ???
.venv\Lib\site-packages\_pytest\assertion\rewrite.py:178: in exec_module
    exec(co, module.__dict__)
tests\unit\test_main.py:47: in <module>
    from app.main import create_app  # noqa: E402
app\main.py:36: in <module>
    from app.routers import webhooks as webhooks_router
app\routers\webhooks.py:75: in <module>
    @router.delete(
.venv\Lib\site-packages\fastapi\routing.py:944: in decorator
    self.add_api_route(
.venv\Lib\site-packages\fastapi\routing.py:883: in add_api_route
    route = route_class(
.venv\Lib\site-packages\fastapi\routing.py:468: in __init__
    assert is_body_allowed_for_status_code(
E   AssertionError: Status code 204 must not have a response body
=========================== short test summary info ===========================
ERROR tests/unit/test_main.py - AssertionError: Status code 204 must not have a response body
!!!!!!!!!!!!!!!!!!! Interrupted: 1 error during collection !!!!!!!!!!!!!!!!!!!!
============================== 1 error in 2.24s ===============================

=== EXIT CODE: 2 ===
